<?xml version="1.0" encoding="UTF-8"?>
<testsuite name="ru.netology.service.CartServiceTest" tests="1" skipped="0" failures="0" errors="0" timestamp="2021-03-20T19:45:29" hostname="Viktors-MacBook-Pro.local" time="0.052">
  <properties/>
  <testcase name="changeCount()" classname="ru.netology.service.CartServiceTest" time="0.052"/>
  <system-out><![CDATA[]]></system-out>
  <system-err><![CDATA[]]></system-err>
</testsuite>
